Flutter crash report.
Please report a bug at https://github.com/flutter/flutter/issues.

## command

flutter widget-preview start --machine --web-server --dtd-url ws://127.0.0.1:49955/sVAA1jKdiV8= --devtools-server-address http://127.0.0.1:9100/

## exception

FormatException: FormatException: Unexpected character (at line 2, character 1)
{"version":"0.0.2","sdk-version":"3.10.1","pubspec-hashes":{"C:\\Users\\Del...
^


```
#0      _ChunkedJsonParser.fail (dart:convert-patch/convert_patch.dart:1467:5)
#1      _ChunkedJsonParser.parse (dart:convert-patch/convert_patch.dart:868:48)
#2      _parseJson (dart:convert-patch/convert_patch.dart:35:10)
#3      JsonDecoder.convert (dart:convert/json.dart:641:36)
#4      JsonCodec.decode (dart:convert/json.dart:223:41)
#5      PreviewManifest._tryLoadManifest (package:flutter_tools/src/widget_preview/preview_manifest.dart:45:17)
#6      PreviewManifest.shouldGenerateProject (package:flutter_tools/src/widget_preview/preview_manifest.dart:92:47)
#7      WidgetPreviewStartCommand.runCommand (package:flutter_tools/src/commands/widget_preview.dart:282:65)
#8      FlutterCommand.verifyThenRunCommand (package:flutter_tools/src/runner/flutter_command.dart:1885:12)
<asynchronous suspension>
#9      FlutterCommand.run.<anonymous closure> (package:flutter_tools/src/runner/flutter_command.dart:1559:27)
<asynchronous suspension>
#10     AppContext.run.<anonymous closure> (package:flutter_tools/src/base/context.dart:154:19)
<asynchronous suspension>
#11     CommandRunner.runCommand (package:args/command_runner.dart:212:13)
<asynchronous suspension>
#12     FlutterCommandRunner.runCommand.<anonymous closure> (package:flutter_tools/src/runner/flutter_command_runner.dart:487:9)
<asynchronous suspension>
#13     AppContext.run.<anonymous closure> (package:flutter_tools/src/base/context.dart:154:19)
<asynchronous suspension>
#14     FlutterCommandRunner.runCommand (package:flutter_tools/src/runner/flutter_command_runner.dart:422:5)
<asynchronous suspension>
#15     run.<anonymous closure>.<anonymous closure> (package:flutter_tools/runner.dart:104:11)
<asynchronous suspension>
#16     AppContext.run.<anonymous closure> (package:flutter_tools/src/base/context.dart:154:19)
<asynchronous suspension>
#17     main (package:flutter_tools/executable.dart:103:3)
<asynchronous suspension>
```

## flutter doctor

```
[✓] Flutter (Channel stable, 3.38.3, on Microsoft Windows [Version 10.0.26100.7171], locale en-PK) [759ms]
    • Flutter version 3.38.3 on channel stable at C:\Users\Dell\Downloads\flutter
    • Upstream repository https://github.com/flutter/flutter.git
    • Framework revision 19074d12f7 (12 days ago), 2025-11-20 17:53:13 -0500
    • Engine revision 13e658725d
    • Dart version 3.10.1
    • DevTools version 2.51.1
    • Feature flags: enable-web, enable-linux-desktop, enable-macos-desktop, enable-windows-desktop, enable-android, enable-ios, cli-animations, enable-native-assets, omit-legacy-version-file, enable-lldb-debugging

[✓] Windows Version (11 Pro 64-bit, 24H2, 2009) [2.3s]

[✗] Android toolchain - develop for Android devices [59ms]
    ✗ Unable to locate Android SDK.
      Install Android Studio from: https://developer.android.com/studio/index.html
      On first launch it will assist you in installing the Android SDK components.
      (or visit https://flutter.dev/to/windows-android-setup for detailed instructions).
      If the Android SDK has been installed to a custom location, please use
      `flutter config --android-sdk` to update to that location.


[✓] Chrome - develop for the web [25ms]
    • Chrome at C:\Program Files\Google\Chrome\Application\chrome.exe

[✗] Visual Studio - develop Windows apps [21ms]
    ✗ Visual Studio not installed; this is necessary to develop Windows apps.
      Download at https://visualstudio.microsoft.com/downloads/.
      Please install the "Desktop development with C++" workload, including all of its default components

[✓] Connected device (3 available) [265ms]
    • Windows (desktop) • windows • windows-x64    • Microsoft Windows [Version 10.0.26100.7171]
    • Chrome (web)      • chrome  • web-javascript • Google Chrome 142.0.7444.176
    • Edge (web)        • edge    • web-javascript • Microsoft Edge 142.0.3595.94

[✓] Network resources [646ms]
    • All expected network resources are available.

! Doctor found issues in 2 categories.
```
